[themesdesign.in/appzia/index.html]
[backblue.gif]
[fade.gif]
[index.html]
[themesdesign.in/appzia/assets/images/favicon.ico]
[themesdesign.in/appzia/assets/plugins/morris/morris.css]
[themesdesign.in/appzia/assets/css/bootstrap.min.css]
[themesdesign.in/appzia/assets/css/style.css]
[themesdesign.in/appzia/assets/css/icons.css]
[themesdesign.in/appzia/assets/images/logo.png]
[themesdesign.in/appzia/assets/images/logo_sm.png]
[themesdesign.in/appzia/assets/images/users/avatar-1.jpg]
[themesdesign.in/appzia/ui-components.html]
[themesdesign.in/appzia/ui-buttons.html]
[themesdesign.in/appzia/ui-cards.html]
[themesdesign.in/appzia/ui-tabs-accordions.html]
[themesdesign.in/appzia/ui-modals.html]
[themesdesign.in/appzia/ui-progressbars.html]
[themesdesign.in/appzia/ui-alerts.html]
[themesdesign.in/appzia/ui-sweet-alert.html]
[themesdesign.in/appzia/ui-grid.html]
[themesdesign.in/appzia/form-elements.html]
[themesdesign.in/appzia/form-validation.html]
[themesdesign.in/appzia/form-advanced.html]
[themesdesign.in/appzia/form-wysiwyg.html]
[themesdesign.in/appzia/form-uploads.html]
[themesdesign.in/appzia/typography.html]
[themesdesign.in/appzia/tables-basic.html]
[themesdesign.in/appzia/tables-datatable.html]
[themesdesign.in/appzia/tables-responsive.html]
[themesdesign.in/appzia/tables-editable.html]
[themesdesign.in/appzia/charts-morris.html]
[themesdesign.in/appzia/charts-chartjs.html]
[themesdesign.in/appzia/charts-flot.html]
[themesdesign.in/appzia/charts-other.html]
[themesdesign.in/appzia/icons-material.html]
[themesdesign.in/appzia/icons-ion.html]
[themesdesign.in/appzia/icons-fontawesome.html]
[themesdesign.in/appzia/icons-themify.html]
[themesdesign.in/appzia/maps-google.html]
[themesdesign.in/appzia/maps-vector.html]
[themesdesign.in/appzia/calendar.html]
[themesdesign.in/appzia/layouts-collapse.html]
[themesdesign.in/appzia/layouts-smallmenu.html]
[themesdesign.in/appzia/layouts-menu2.html]
[themesdesign.in/appzia/pages-login.html]
[themesdesign.in/appzia/pages-register.html]
[themesdesign.in/appzia/pages-recoverpw.html]
[themesdesign.in/appzia/pages-lock-screen.html]
[themesdesign.in/appzia/pages-blank.html]
[themesdesign.in/appzia/pages-404.html]
[themesdesign.in/appzia/pages-500.html]
[themesdesign.in/appzia/pages-timeline.html]
[themesdesign.in/appzia/pages-invoice.html]
[themesdesign.in/appzia/pages-directory.html]
[themesdesign.in/appzia/assets/js/jquery.min.js]
[themesdesign.in/appzia/assets/js/popper.min.js]
[themesdesign.in/appzia/assets/js/bootstrap.min.js]
[themesdesign.in/appzia/assets/js/modernizr.min.js]
[themesdesign.in/appzia/assets/js/detect.js]
[themesdesign.in/appzia/assets/js/fastclick.js]
[themesdesign.in/appzia/assets/js/jquery.slimscroll.js]
[themesdesign.in/appzia/assets/js/jquery.blockUI.js]
[themesdesign.in/appzia/assets/js/wow.min.js]
[themesdesign.in/appzia/assets/js/waves.js]
[themesdesign.in/appzia/assets/js/jquery.nicescroll.js]
[themesdesign.in/appzia/assets/js/jquery.scrollTo.min.js]
[themesdesign.in/appzia/assets/plugins/morris/morris.min.js]
[themesdesign.in/appzia/assets/pages/dashborad.js]
[themesdesign.in/appzia/assets/plugins/raphael/raphael-min.js]
[themesdesign.in/appzia/index.html]
[themesdesign.in/appzia/assets/js/app.js]
[themesdesign.in/appzia/assets/plugins/morris/morris.css]
[themesdesign.in/appzia/assets/css/bootstrap.min.css]
[themesdesign.in/appzia/assets/fonts/fa-solid-900.eot]
[themesdesign.in/appzia/assets/fonts/fa-solid-900d41d.eot]
[themesdesign.in/appzia/assets/fonts/fa-solid-900.woff]
[themesdesign.in/appzia/assets/fonts/fa-solid-900.ttf]
[themesdesign.in/appzia/assets/fonts/fa-regular-400.eot]
[themesdesign.in/appzia/assets/fonts/fa-regular-400d41d.eot]
[themesdesign.in/appzia/assets/fonts/fa-regular-400.woff]
[themesdesign.in/appzia/assets/fonts/fa-regular-400.ttf]
[themesdesign.in/appzia/assets/fonts/fa-brands-400.eot]
[themesdesign.in/appzia/assets/fonts/fa-brands-400d41d.eot]
[themesdesign.in/appzia/assets/fonts/fa-brands-400.woff]
[themesdesign.in/appzia/assets/fonts/fa-brands-400.ttf]
[themesdesign.in/appzia/assets/fonts/materialdesignicons-webfontceca.eot]
[themesdesign.in/appzia/assets/fonts/materialdesignicons-webfontd41d.eot]
[themesdesign.in/appzia/assets/fonts/materialdesignicons-webfontceca.woff]
[themesdesign.in/appzia/assets/fonts/materialdesignicons-webfontceca.ttf]
[themesdesign.in/appzia/assets/fonts/ionicons188f.eot]
[themesdesign.in/appzia/assets/fonts/ionicons188f.woff]
[themesdesign.in/appzia/assets/fonts/ionicons188f.ttf]
[themesdesign.in/appzia/assets/fonts/themify9f24.eot]
[themesdesign.in/appzia/assets/fonts/themifyd41d.eot]
[themesdesign.in/appzia/assets/fonts/themify9f24.woff]
[themesdesign.in/appzia/assets/fonts/themify9f24.ttf]
[themesdesign.in/appzia/assets/css/icons.css]
[themesdesign.in/appzia/assets/css/style.css]
[themesdesign.in/appzia/ui-components.html]
[themesdesign.in/appzia/ui-buttons.html]
[themesdesign.in/appzia/ui-cards.html]
[themesdesign.in/appzia/ui-tabs-accordions.html]
[themesdesign.in/appzia/ui-modals.html]
[themesdesign.in/appzia/ui-progressbars.html]
[themesdesign.in/appzia/ui-alerts.html]
[themesdesign.in/appzia/assets/plugins/bootstrap-sweetalert/sweet-alert.css]
[themesdesign.in/appzia/assets/plugins/bootstrap-sweetalert/sweet-alert.min.js]
[themesdesign.in/appzia/assets/pages/sweet-alert.init.js]
[themesdesign.in/appzia/ui-sweet-alert.html]
[themesdesign.in/appzia/ui-grid.html]
[themesdesign.in/appzia/form-elements.html]
[themesdesign.in/appzia/form-validation.html]
[themesdesign.in/appzia/assets/plugins/parsleyjs/parsley.min.js]
[themesdesign.in/appzia/assets/plugins/timepicker/bootstrap-timepicker.min.css]
[themesdesign.in/appzia/assets/plugins/bootstrap-colorpicker/css/bootstrap-colorpicker.min.css]
[themesdesign.in/appzia/assets/plugins/bootstrap-datepicker/css/bootstrap-datepicker.min.css]
[themesdesign.in/appzia/assets/plugins/bootstrap-touchspin/css/jquery.bootstrap-touchspin.min.css]
[themesdesign.in/appzia/assets/plugins/timepicker/bootstrap-timepicker.js]
[themesdesign.in/appzia/assets/plugins/bootstrap-colorpicker/js/bootstrap-colorpicker.min.js]
[themesdesign.in/appzia/assets/plugins/bootstrap-datepicker/js/bootstrap-datepicker.min.js]
[themesdesign.in/appzia/assets/plugins/bootstrap-maxlength/bootstrap-maxlength.min.js]
[themesdesign.in/appzia/assets/plugins/bootstrap-touchspin/js/jquery.bootstrap-touchspin.min.js]
[themesdesign.in/appzia/assets/pages/form-advanced.js]
[themesdesign.in/appzia/form-advanced.html]
[themesdesign.in/appzia/assets/plugins/summernote/summernote-bs4.css]
[themesdesign.in/appzia/assets/plugins/bootstrap-wysihtml5/bootstrap-wysihtml5.css]
[themesdesign.in/appzia/assets/plugins/bootstrap-wysihtml5/bootstrap-wysihtml5.js]
[themesdesign.in/appzia/form-wysiwyg.html]
[themesdesign.in/appzia/assets/plugins/bootstrap-wysihtml5/wysihtml5-0.3.0.js]
[themesdesign.in/appzia/assets/plugins/dropzone/dist/dropzone.css]
[themesdesign.in/appzia/assets/plugins/summernote/summernote-bs4.min.js]
[themesdesign.in/appzia/form-uploads.html]
[themesdesign.in/appzia/typography.html]
[themesdesign.in/appzia/tables-basic.html]
[themesdesign.in/appzia/assets/plugins/dropzone/dist/dropzone.js]
[themesdesign.in/appzia/assets/plugins/datatables/jquery.dataTables.min.css]
[themesdesign.in/appzia/assets/plugins/datatables/buttons.bootstrap4.min.css]
[themesdesign.in/appzia/assets/plugins/datatables/fixedHeader.bootstrap.min.css]
[themesdesign.in/appzia/assets/plugins/datatables/responsive.bootstrap.min.css]
[themesdesign.in/appzia/assets/plugins/datatables/dataTables.bootstrap4.min.css]
[themesdesign.in/appzia/assets/plugins/datatables/scroller.bootstrap.min.css]
[themesdesign.in/appzia/assets/plugins/datatables/jquery.dataTables.min.js]
[themesdesign.in/appzia/assets/plugins/datatables/dataTables.bootstrap4.min.js]
[themesdesign.in/appzia/assets/plugins/datatables/dataTables.buttons.min.js]
[themesdesign.in/appzia/assets/plugins/datatables/buttons.bootstrap4.min.js]
[themesdesign.in/appzia/assets/plugins/datatables/jszip.min.js]
[themesdesign.in/appzia/assets/plugins/datatables/buttons.html5.min.js]
[themesdesign.in/appzia/assets/plugins/datatables/buttons.print.min.js]
[themesdesign.in/appzia/assets/plugins/datatables/pdfmake.min.js]
[themesdesign.in/appzia/assets/plugins/datatables/dataTables.fixedHeader.min.js]
[themesdesign.in/appzia/assets/plugins/datatables/dataTables.keyTable.min.js]
[themesdesign.in/appzia/assets/plugins/datatables/dataTables.scroller.min.js]
[themesdesign.in/appzia/assets/plugins/datatables/dataTables.responsive.min.js]
[themesdesign.in/appzia/assets/plugins/datatables/responsive.bootstrap4.min.js]
[themesdesign.in/appzia/assets/pages/datatables.init.js]
[themesdesign.in/appzia/tables-datatable.html]
[themesdesign.in/appzia/assets/plugins/datatables/vfs_fonts.js]
[themesdesign.in/appzia/assets/plugins/RWD-Table-Patterns/dist/css/rwd-table.min.css]
[themesdesign.in/appzia/tables-responsive.html]
[themesdesign.in/appzia/assets/plugins/RWD-Table-Patterns/dist/js/rwd-table.min.js]
[themesdesign.in/appzia/assets/plugins/tiny-editable/mindmup-editabletable.js]
[themesdesign.in/appzia/assets/plugins/tiny-editable/numeric-input-example.js]
[themesdesign.in/appzia/tables-editable.html]
[themesdesign.in/appzia/assets/pages/morris.init.js]
[themesdesign.in/appzia/charts-morris.html]
[themesdesign.in/appzia/assets/pages/chartjs.init.js]
[themesdesign.in/appzia/charts-chartjs.html]
[themesdesign.in/appzia/assets/plugins/chart.js/chart.min.js]
[themesdesign.in/appzia/assets/plugins/flot-chart/jquery.flot.min.js]
[themesdesign.in/appzia/assets/plugins/flot-chart/jquery.flot.time.js]
[themesdesign.in/appzia/assets/plugins/flot-chart/jquery.flot.tooltip.min.js]
[themesdesign.in/appzia/assets/plugins/flot-chart/jquery.flot.resize.js]
[themesdesign.in/appzia/assets/plugins/flot-chart/jquery.flot.pie.js]
[themesdesign.in/appzia/assets/plugins/flot-chart/jquery.flot.selection.js]
[themesdesign.in/appzia/assets/plugins/flot-chart/jquery.flot.stack.js]
[themesdesign.in/appzia/assets/plugins/flot-chart/jquery.flot.crosshair.js]
[themesdesign.in/appzia/assets/pages/flot.init.js]
[themesdesign.in/appzia/charts-flot.html]
[themesdesign.in/appzia/assets/plugins/jquery-knob/excanvas.js]
[themesdesign.in/appzia/charts-other.html]
[themesdesign.in/appzia/assets/plugins/jquery-knob/jquery.knob.js]
[themesdesign.in/appzia/icons-material.html]
[themesdesign.in/appzia/icons-ion.html]
[themesdesign.in/appzia/icons-fontawesome.html]
[themesdesign.in/appzia/icons-themify.html]
[themesdesign.in/appzia/assets/plugins/gmaps/gmaps.min.js]
[themesdesign.in/appzia/assets/pages/gmaps.js]
[themesdesign.in/appzia/maps-google.html]
[themesdesign.in/appzia/assets/plugins/jvectormap/jquery-jvectormap-2.0.2.css]
[themesdesign.in/appzia/assets/plugins/jvectormap/jquery-jvectormap-2.0.2.min.js]
[themesdesign.in/appzia/assets/plugins/jvectormap/gdp-data.js]
[themesdesign.in/appzia/assets/plugins/jvectormap/jquery-jvectormap-world-mill-en.js]
[themesdesign.in/appzia/assets/plugins/jvectormap/jquery-jvectormap-us-aea-en.js]
[themesdesign.in/appzia/assets/plugins/jvectormap/jquery-jvectormap-uk-mill-en.js]
[themesdesign.in/appzia/assets/plugins/jvectormap/jquery-jvectormap-europe-mill-en.js]
[themesdesign.in/appzia/assets/plugins/jvectormap/jquery-jvectormap-us-il-chicago-mill-en.js]
[themesdesign.in/appzia/assets/pages/jvectormap.init.js]
[themesdesign.in/appzia/maps-vector.html]
[themesdesign.in/appzia/assets/plugins/fullcalendar/css/fullcalendar.min.css]
[themesdesign.in/appzia/assets/plugins/jquery-ui/jquery-ui.min.js]
[themesdesign.in/appzia/assets/pages/calendar-init.js]
[themesdesign.in/appzia/calendar.html]
[themesdesign.in/appzia/layouts-collapse.html]
[themesdesign.in/appzia/layouts-smallmenu.html]
[themesdesign.in/appzia/assets/plugins/fullcalendar/js/fullcalendar.min.js]
[themesdesign.in/appzia/assets/plugins/moment/moment.js]
[themesdesign.in/appzia/assets/images/logo_white.png]
[themesdesign.in/appzia/assets/images/logo_sm_white.png]
[themesdesign.in/appzia/layouts-menu2.html]
[themesdesign.in/appzia/pages-login.html]
[themesdesign.in/appzia/pages-register.html]
[themesdesign.in/appzia/pages-recoverpw.html]
[themesdesign.in/appzia/pages-lock-screen.html]
[themesdesign.in/appzia/pages-blank.html]
[themesdesign.in/appzia/pages-404.html]
[themesdesign.in/appzia/pages-500.html]
[themesdesign.in/appzia/assets/images/big/img1.jpg]
[themesdesign.in/appzia/pages-timeline.html]
[themesdesign.in/appzia/pages-invoice.html]
[themesdesign.in/appzia/assets/images/users/avatar-2.jpg]
[themesdesign.in/appzia/assets/images/users/avatar-4.jpg]
[themesdesign.in/appzia/assets/images/users/avatar-3.jpg]
[themesdesign.in/appzia/assets/images/users/avatar-6.jpg]
[themesdesign.in/appzia/assets/images/users/avatar-5.jpg]
[themesdesign.in/appzia/pages-directory.html]
[themesdesign.in/appzia/assets/fonts/fa-solid-900.html]
[themesdesign.in/appzia/assets/fonts/fa-solid-900.svg]
[themesdesign.in/appzia/assets/fonts/fa-regular-400.html]
[themesdesign.in/appzia/assets/fonts/fa-regular-400.svg]
[themesdesign.in/appzia/assets/fonts/fa-brands-400.html]
[themesdesign.in/appzia/assets/fonts/fa-brands-400.svg]
[themesdesign.in/appzia/assets/fonts/materialdesignicons-webfontceca.html]
[themesdesign.in/appzia/assets/fonts/materialdesignicons-webfontceca.svg]
[themesdesign.in/appzia/assets/fonts/ionicons188f.html]
[themesdesign.in/appzia/assets/fonts/ionicons188f.svg]
[themesdesign.in/appzia/assets/fonts/themify9f24.svg]
[themesdesign.in/appzia/assets/plugins/bootstrap-sweetalert/sweet-alert.css]
[themesdesign.in/appzia/assets/plugins/timepicker/bootstrap-timepicker.min.css]
[themesdesign.in/appzia/assets/plugins/bootstrap-colorpicker/img/bootstrap-colorpicker/saturation.png]
[themesdesign.in/appzia/assets/plugins/bootstrap-colorpicker/img/bootstrap-colorpicker/hue.png]
[themesdesign.in/appzia/assets/plugins/bootstrap-colorpicker/img/bootstrap-colorpicker/alpha.png]
[themesdesign.in/appzia/assets/plugins/bootstrap-colorpicker/img/bootstrap-colorpicker/hue-horizontal.png]
[themesdesign.in/appzia/assets/plugins/bootstrap-colorpicker/img/bootstrap-colorpicker/alpha-horizontal.png]
[themesdesign.in/appzia/assets/plugins/bootstrap-colorpicker/css/bootstrap-colorpicker.min.css]
[themesdesign.in/appzia/assets/plugins/bootstrap-datepicker/css/bootstrap-datepicker.min.css]
[themesdesign.in/appzia/assets/plugins/bootstrap-touchspin/css/jquery.bootstrap-touchspin.min.css]
[themesdesign.in/appzia/assets/plugins/summernote/font/summernote291f.eot]
[themesdesign.in/appzia/assets/plugins/summernote/font/summernoted41d.eot]
[themesdesign.in/appzia/assets/plugins/summernote/font/summernote291f.woff]
[themesdesign.in/appzia/assets/plugins/summernote/font/summernote291f.ttf]
[themesdesign.in/appzia/assets/plugins/summernote/summernote-bs4.css]
[themesdesign.in/appzia/assets/plugins/bootstrap-wysihtml5/bootstrap-wysihtml5.css]
[themesdesign.in/appzia/assets/plugins/dropzone/dist/dropzone.css]
[themesdesign.in/appzia/assets/plugins/datatables/jquery.dataTables.min.css]
[themesdesign.in/appzia/assets/plugins/datatables/buttons.bootstrap4.min.css]
[themesdesign.in/appzia/assets/plugins/datatables/fixedHeader.bootstrap.min.css]
[themesdesign.in/appzia/assets/plugins/datatables/responsive.bootstrap.min.css]
[themesdesign.in/appzia/assets/plugins/datatables/dataTables.bootstrap4.min.css]
[themesdesign.in/appzia/assets/plugins/datatables/scroller.bootstrap.min.css]
[themesdesign.in/appzia/assets/plugins/RWD-Table-Patterns/dist/css/rwd-table.min.css]
[themesdesign.in/appzia/assets/plugins/jvectormap/jquery-jvectormap-2.0.2.css]
[themesdesign.in/appzia/assets/plugins/fullcalendar/css/fullcalendar.min.css]
[maps.google.com/maps/api/js.a230d1.delayed]
